  tutorial.cpp
  title.cpp
  sound.cpp
  score.cpp
  scene2D.cpp
  scene.cpp
  renderer.cpp
  player.cpp
  pause.cpp
  particle.cpp
  number.cpp
  manager.cpp
  main.cpp
  input.cpp
  gauge2.cpp
  gauge.cpp
  gameover.cpp
  game.cpp
  fade.cpp
  explosion.cpp
  コードを生成中...
  コンパイル中...
  enemy.cpp
  effect.cpp
  clear.cpp
  bulletSP.cpp
  bulletEX.cpp
  bullet.cpp
  boss.cpp
  bgTutorial.cpp
  bgTitle.cpp
  bgGameover.cpp
  bgClear.cpp
  bg.cpp
  bar.cpp
  コードを生成中...
  C++ STG.vcxproj -> C:\Users\game121\Documents\Visual Studio 2015\Projects\C++ STG\Debug\C++ STG.exe
  C++ STG.vcxproj -> C:\Users\game121\Documents\Visual Studio 2015\Projects\C++ STG\Debug\C++ STG.pdb (Full PDB)
